2025-12-16 22:18:56,979 - INFO - Программа запущена
2025-12-16 22:18:56,979 - INFO - === Демонстрация работы менеджера задач ===
2025-12-16 22:18:56,979 - INFO - Менеджер задач инициализирован
2025-12-16 22:18:56,979 - INFO - Генерация 15 случайных задач
2025-12-16 22:18:56,980 - DEBUG - Создана задача: [В процессе] Задача_1 (Приоритет: 3)
2025-12-16 22:18:56,980 - INFO - Задача добавлена: Задача_1
2025-12-16 22:18:57,005 - DEBUG - Создана задача: [В процессе] Задача_2 (Приоритет: 1)
2025-12-16 22:18:57,005 - INFO - Задача добавлена: Задача_2
2025-12-16 22:18:57,021 - DEBUG - Создана задача: [В процессе] Задача_3 (Приоритет: 3)
2025-12-16 22:18:57,021 - INFO - Задача добавлена: Задача_3
2025-12-16 22:18:57,037 - DEBUG - Создана задача: [В процессе] Задача_4 (Приоритет: 5)
2025-12-16 22:18:57,037 - INFO - Задача добавлена: Задача_4
2025-12-16 22:18:57,053 - DEBUG - Создана задача: [В процессе] Задача_5 (Приоритет: 1)
2025-12-16 22:18:57,053 - INFO - Задача добавлена: Задача_5
2025-12-16 22:18:57,069 - DEBUG - Создана задача: [В процессе] Задача_6 (Приоритет: 2)
2025-12-16 22:18:57,069 - INFO - Задача добавлена: Задача_6
2025-12-16 22:18:57,085 - DEBUG - Создана задача: [В процессе] Задача_7 (Приоритет: 4)
2025-12-16 22:18:57,085 - INFO - Задача добавлена: Задача_7
2025-12-16 22:18:57,101 - DEBUG - Создана задача: [В процессе] Задача_8 (Приоритет: 4)
2025-12-16 22:18:57,101 - INFO - Задача добавлена: Задача_8
2025-12-16 22:18:57,117 - DEBUG - Создана задача: [В процессе] Задача_9 (Приоритет: 3)
2025-12-16 22:18:57,117 - INFO - Задача добавлена: Задача_9
2025-12-16 22:18:57,133 - DEBUG - Создана задача: [В процессе] Задача_10 (Приоритет: 4)
2025-12-16 22:18:57,133 - INFO - Задача добавлена: Задача_10
2025-12-16 22:18:57,149 - DEBUG - Создана задача: [В процессе] Задача_11 (Приоритет: 5)
2025-12-16 22:18:57,149 - INFO - Задача добавлена: Задача_11
2025-12-16 22:18:57,165 - DEBUG - Создана задача: [В процессе] Задача_12 (Приоритет: 2)
2025-12-16 22:18:57,165 - INFO - Задача добавлена: Задача_12
2025-12-16 22:18:57,181 - DEBUG - Создана задача: [В процессе] Задача_13 (Приоритет: 3)
2025-12-16 22:18:57,181 - INFO - Задача добавлена: Задача_13
2025-12-16 22:18:57,197 - DEBUG - Создана задача: [В процессе] Задача_14 (Приоритет: 4)
2025-12-16 22:18:57,197 - INFO - Задача добавлена: Задача_14
2025-12-16 22:18:57,213 - DEBUG - Создана задача: [В процессе] Задача_15 (Приоритет: 5)
2025-12-16 22:18:57,213 - INFO - Задача добавлена: Задача_15
2025-12-16 22:18:57,229 - INFO - Список задач:
2025-12-16 22:18:57,229 - INFO - [В процессе] Задача_1 (Приоритет: 3)
2025-12-16 22:18:57,229 - INFO - [В процессе] Задача_2 (Приоритет: 1)
2025-12-16 22:18:57,229 - INFO - [В процессе] Задача_3 (Приоритет: 3)
2025-12-16 22:18:57,229 - INFO - [В процессе] Задача_4 (Приоритет: 5)
2025-12-16 22:18:57,229 - INFO - [В процессе] Задача_5 (Приоритет: 1)
2025-12-16 22:18:57,229 - INFO - [В процессе] Задача_6 (Приоритет: 2)
2025-12-16 22:18:57,229 - INFO - [В процессе] Задача_7 (Приоритет: 4)
2025-12-16 22:18:57,229 - INFO - [В процессе] Задача_8 (Приоритет: 4)
2025-12-16 22:18:57,229 - INFO - [В процессе] Задача_9 (Приоритет: 3)
2025-12-16 22:18:57,229 - INFO - [В процессе] Задача_10 (Приоритет: 4)
2025-12-16 22:18:57,229 - INFO - [В процессе] Задача_11 (Приоритет: 5)
2025-12-16 22:18:57,229 - INFO - [В процессе] Задача_12 (Приоритет: 2)
2025-12-16 22:18:57,229 - INFO - [В процессе] Задача_13 (Приоритет: 3)
2025-12-16 22:18:57,229 - INFO - [В процессе] Задача_14 (Приоритет: 4)
2025-12-16 22:18:57,229 - INFO - [В процессе] Задача_15 (Приоритет: 5)
2025-12-16 22:18:57,230 - INFO - Случайное действие: обновление задачи 'Задача_1' -> 'Задача_1_обновлено'
2025-12-16 22:18:57,292 - INFO - Случайное действие: выполнение задачи 'Задача_8'
2025-12-16 22:18:57,292 - INFO - Задача выполнена: Задача_8
2025-12-16 22:18:57,356 - INFO - Случайное действие: обновление задачи 'Задача_9' -> 'Задача_9_обновлено'
2025-12-16 22:18:57,420 - INFO - Случайное действие: удаление задачи 'Задача_9_обновлено'
2025-12-16 22:18:57,484 - INFO - Случайное действие: обновление задачи 'Задача_3' -> 'Задача_3_обновлено'
2025-12-16 22:18:57,547 - INFO - Случайное действие: выполнение задачи 'Задача_13'
2025-12-16 22:18:57,547 - INFO - Задача выполнена: Задача_13
2025-12-16 22:18:57,611 - INFO - Случайное действие: удаление задачи 'Задача_1_обновлено'
2025-12-16 22:18:57,675 - INFO - Случайное действие: обновление задачи 'Задача_12' -> 'Задача_12_обновлено'
2025-12-16 22:18:57,739 - INFO - Случайное действие: выполнение задачи 'Задача_15'
2025-12-16 22:18:57,739 - INFO - Задача выполнена: Задача_15
2025-12-16 22:18:57,803 - INFO - Случайное действие: обновление задачи 'Задача_3_обновлено' -> 'Задача_3_обновлено_обновлено'
2025-12-16 22:18:57,868 - INFO - Результаты поиска по ключевому слову '3':
2025-12-16 22:18:57,868 - INFO - [В процессе] Задача_3_обновлено_обновлено (Приоритет: 3)
2025-12-16 22:18:57,868 - INFO - [Выполнена] Задача_13 (Приоритет: 3)
2025-12-16 22:18:57,868 - INFO - Результаты поиска по ключевому слову 'Не существует':
2025-12-16 22:18:57,868 - WARNING - Задачи не найдены
2025-12-16 22:18:57,868 - DEBUG - Создана задача: [В процессе] Ключевая задача (Приоритет: 5)
2025-12-16 22:18:57,868 - INFO - Задача добавлена: Ключевая задача
2025-12-16 22:18:57,868 - INFO - Задача выполнена: Ключевая задача
2025-12-16 22:18:57,868 - INFO - Задача удалена: Ключевая задача
2025-12-16 22:18:57,868 - WARNING - Попытка удалить несуществующую задачу: Ключевая задача
2025-12-16 22:18:57,868 - INFO - Список задач:
2025-12-16 22:18:57,868 - INFO - [В процессе] Задача_2 (Приоритет: 1)
2025-12-16 22:18:57,868 - INFO - [В процессе] Задача_3_обновлено_обновлено (Приоритет: 3)
2025-12-16 22:18:57,868 - INFO - [В процессе] Задача_4 (Приоритет: 5)
2025-12-16 22:18:57,868 - INFO - [В процессе] Задача_5 (Приоритет: 1)
2025-12-16 22:18:57,869 - INFO - [В процессе] Задача_6 (Приоритет: 2)
2025-12-16 22:18:57,869 - INFO - [В процессе] Задача_7 (Приоритет: 4)
2025-12-16 22:18:57,869 - INFO - [В процессе] Задача_10 (Приоритет: 4)
2025-12-16 22:18:57,869 - INFO - [В процессе] Задача_11 (Приоритет: 5)
2025-12-16 22:18:57,869 - INFO - [В процессе] Задача_12_обновлено (Приоритет: 2)
2025-12-16 22:18:57,869 - INFO - [В процессе] Задача_14 (Приоритет: 4)
2025-12-16 22:18:57,869 - INFO - === Демонстрация завершена ===
2025-12-16 22:18:57,869 - INFO - Программа завершена
